<?xml version="1.0" encoding="UTF-8"?>
<!-- Generated by org.testng.reporters.JUnitReportReporter -->
<testsuite hostname="ISCRENT59" failures="0" tests="9" name="TestRunner.TestRunne" time="580.334" errors="0" timestamp="2020-09-23T13:13:20 IST" skipped="0">
  <testcase classname="TestRunner.TestRunne" name="runScenario" time="66.955"/>
  <system-out/>
  <testcase classname="TestRunner.TestRunne" name="runScenario" time="94.717"/>
  <system-out/>
  <testcase classname="TestRunner.TestRunne" name="runScenario" time="40.184"/>
  <system-out/>
  <testcase classname="TestRunner.TestRunne" name="runScenario" time="0.015"/>
  <system-out/>
  <testcase classname="TestRunner.TestRunne" name="runScenario" time="80.341"/>
  <system-out/>
  <testcase classname="TestRunner.TestRunne" name="runScenario" time="23.192"/>
  <system-out/>
  <testcase classname="TestRunner.TestRunne" name="runScenario" time="218.042"/>
  <system-out/>
  <testcase classname="TestRunner.TestRunne" name="runScenario" time="0.016"/>
  <system-out/>
  <testcase classname="TestRunner.TestRunne" name="runScenario" time="56.872"/>
  <system-out/>
</testsuite> <!-- TestRunner.TestRunne -->
